[2021-12-24T22:29:15.551] [DEBUG] cheese - login => username:baisha,password:123
[2021-12-24T22:29:15.552] [DEBUG] cheese - baisha
[2021-12-24T22:29:15.558] [DEBUG] cheese - { inspect: [Function: inspect] }
[2021-12-24T22:29:15.559] [DEBUG] cheese - 查询失败
[2021-12-25T10:13:26.084] [DEBUG] cheese - login => username:admin,password:123456
[2021-12-25T10:13:26.086] [DEBUG] cheese - admin
[2021-12-25T10:13:26.092] [DEBUG] cheese - { inspect: [Function: inspect] }
[2021-12-25T10:13:26.093] [DEBUG] cheese - 查询失败
[2021-12-25T10:13:56.527] [DEBUG] cheese - login => username:admin,password:123456
[2021-12-25T10:13:56.527] [DEBUG] cheese - admin
[2021-12-25T10:13:56.529] [DEBUG] cheese - { inspect: [Function: inspect] }
[2021-12-25T10:13:56.529] [DEBUG] cheese - 查询失败
[2021-12-25T10:14:44.149] [DEBUG] cheese - login => username:admin,password:123
[2021-12-25T10:14:44.149] [DEBUG] cheese - admin
[2021-12-25T10:14:44.151] [DEBUG] cheese - { inspect: [Function: inspect] }
[2021-12-25T10:14:44.151] [DEBUG] cheese - 查询失败
[2021-12-25T10:15:35.737] [DEBUG] cheese - login => username:admin,password:123456
[2021-12-25T10:15:35.737] [DEBUG] cheese - admin
[2021-12-25T10:15:35.738] [DEBUG] cheese - { inspect: [Function: inspect] }
[2021-12-25T10:15:35.738] [DEBUG] cheese - 查询失败
[2021-12-25T10:16:41.454] [DEBUG] cheese - login => username:admin,password:123456
[2021-12-25T10:16:41.454] [DEBUG] cheese - admin
[2021-12-25T10:16:41.456] [DEBUG] cheese - { inspect: [Function: inspect] }
[2021-12-25T10:16:41.456] [DEBUG] cheese - 查询失败
[2021-12-25T10:16:52.384] [DEBUG] cheese - login => username:admin,password:123
[2021-12-25T10:16:52.384] [DEBUG] cheese - admin
[2021-12-25T10:16:52.386] [DEBUG] cheese - { inspect: [Function: inspect] }
[2021-12-25T10:16:52.386] [DEBUG] cheese - 查询失败
[2021-12-25T10:17:21.068] [DEBUG] cheese - login => username:admin,password:123456
[2021-12-25T10:17:21.069] [DEBUG] cheese - admin
[2021-12-25T10:17:21.070] [DEBUG] cheese - { inspect: [Function: inspect] }
[2021-12-25T10:17:21.070] [DEBUG] cheese - 查询失败
[2021-12-25T10:18:34.084] [DEBUG] cheese - login => username:admin,password:123456
[2021-12-25T10:18:34.084] [DEBUG] cheese - admin
[2021-12-25T10:18:34.085] [DEBUG] cheese - { inspect: [Function: inspect] }
[2021-12-25T10:18:34.085] [DEBUG] cheese - 查询失败
[2021-12-25T10:19:24.683] [DEBUG] cheese - login => username:admin,password:123456
[2021-12-25T10:19:24.683] [DEBUG] cheese - admin
[2021-12-25T10:19:24.687] [DEBUG] cheese - null
[2021-12-25T10:19:24.687] [DEBUG] cheese - null
[2021-12-25T10:41:11.703] [DEBUG] cheese - login => username:baisha,password:ljg114671213
[2021-12-25T10:41:11.703] [DEBUG] cheese - baisha
[2021-12-25T10:41:11.706] [DEBUG] cheese - null
[2021-12-25T10:41:11.706] [DEBUG] cheese - null
[2021-12-25T11:00:34.852] [DEBUG] cheese - login => username:baisha,password:ljg114671213
[2021-12-25T11:00:34.852] [DEBUG] cheese - baisha
[2021-12-25T11:00:34.853] [DEBUG] cheese - null
[2021-12-25T11:00:34.853] [DEBUG] cheese - null
[2021-12-25T11:00:54.141] [DEBUG] cheese - login => username:admin,password:123456
[2021-12-25T11:00:54.141] [DEBUG] cheese - admin
[2021-12-25T11:00:54.143] [DEBUG] cheese - null
[2021-12-25T11:00:54.143] [DEBUG] cheese - null
[2021-12-25T11:02:20.246] [DEBUG] cheese - login => username:baisha,password:ljg114671213
[2021-12-25T11:02:20.246] [DEBUG] cheese - baisha
[2021-12-25T11:02:20.248] [DEBUG] cheese - null
[2021-12-25T11:02:20.248] [DEBUG] cheese - null
[2021-12-25T11:02:29.584] [DEBUG] cheese - login => username:admin,password:123456
[2021-12-25T11:02:29.584] [DEBUG] cheese - admin
[2021-12-25T11:02:29.585] [DEBUG] cheese - null
[2021-12-25T11:02:29.585] [DEBUG] cheese - null
[2021-12-25T21:34:32.481] [DEBUG] cheese - login => username:baisha,password:ljg114671213
[2021-12-25T21:34:32.482] [DEBUG] cheese - baisha
[2021-12-25T21:34:32.490] [DEBUG] cheese - null
[2021-12-25T21:34:32.490] [DEBUG] cheese - null
[2021-12-25T21:34:46.897] [DEBUG] cheese - login => username:admin,password:123456
[2021-12-25T21:34:46.898] [DEBUG] cheese - admin
[2021-12-25T21:34:46.901] [DEBUG] cheese - null
[2021-12-25T21:34:46.901] [DEBUG] cheese - null
[2021-12-25T21:36:06.096] [DEBUG] cheese - login => username:baisha,password:ljg114671213
[2021-12-25T21:36:06.096] [DEBUG] cheese - baisha
[2021-12-25T21:36:06.098] [DEBUG] cheese - null
[2021-12-25T21:36:06.098] [DEBUG] cheese - null
[2021-12-25T21:36:15.537] [DEBUG] cheese - login => username:admin,password:123456
[2021-12-25T21:36:15.537] [DEBUG] cheese - admin
[2021-12-25T21:36:15.538] [DEBUG] cheese - null
[2021-12-25T21:36:15.539] [DEBUG] cheese - null
[2021-12-25T21:40:58.986] [DEBUG] cheese - login => username:admin,password:123456
[2021-12-25T21:40:58.986] [DEBUG] cheese - admin
[2021-12-25T21:40:58.988] [DEBUG] cheese - null
[2021-12-25T21:40:58.988] [DEBUG] cheese - null
[2021-12-25T21:43:54.950] [DEBUG] cheese - login => username:admin,password:123456
[2021-12-25T21:43:54.951] [DEBUG] cheese - admin
[2021-12-25T21:43:54.952] [DEBUG] cheese - null
[2021-12-25T21:43:54.953] [DEBUG] cheese - null
[2021-12-25T21:44:04.736] [DEBUG] cheese - login => username:admin,password:123456
[2021-12-25T21:44:04.736] [DEBUG] cheese - admin
[2021-12-25T21:44:04.738] [DEBUG] cheese - null
[2021-12-25T21:44:04.738] [DEBUG] cheese - null
[2021-12-25T21:48:01.479] [DEBUG] cheese - login => username:1212,password:121212
[2021-12-25T21:48:01.479] [DEBUG] cheese - 1212
[2021-12-25T21:48:01.481] [DEBUG] cheese - null
[2021-12-25T21:48:01.481] [DEBUG] cheese - null
[2021-12-25T21:48:08.297] [DEBUG] cheese - login => username:admin,password:123456
[2021-12-25T21:48:08.297] [DEBUG] cheese - admin
[2021-12-25T21:48:08.300] [DEBUG] cheese - null
[2021-12-25T21:48:08.300] [DEBUG] cheese - null
[2021-12-25T21:52:50.016] [DEBUG] cheese - login => username:admin,password:123456
[2021-12-25T21:52:50.016] [DEBUG] cheese - admin
[2021-12-25T21:52:50.017] [DEBUG] cheese - null
[2021-12-25T21:52:50.018] [DEBUG] cheese - null
[2021-12-25T21:54:47.287] [DEBUG] cheese - login => username:admin,password:123456
[2021-12-25T21:54:47.287] [DEBUG] cheese - admin
[2021-12-25T21:54:47.289] [DEBUG] cheese - null
[2021-12-25T21:54:47.289] [DEBUG] cheese - null
[2021-12-25T22:04:20.319] [DEBUG] cheese - login => username:admin,password:123456
[2021-12-25T22:04:20.320] [DEBUG] cheese - admin
[2021-12-25T22:04:20.322] [DEBUG] cheese - null
[2021-12-25T22:04:20.322] [DEBUG] cheese - null
[2021-12-25T22:24:52.085] [DEBUG] cheese - login => username:ljg,password:114671213
[2021-12-25T22:24:52.085] [DEBUG] cheese - ljg
[2021-12-25T22:27:00.515] [DEBUG] cheese - null
[2021-12-25T22:27:00.515] [DEBUG] cheese - null
[2021-12-25T22:27:00.516] [DEBUG] cheese - login => username:admin,password:123456
[2021-12-25T22:27:00.516] [DEBUG] cheese - admin
[2021-12-25T22:27:00.518] [DEBUG] cheese - login => username:admin,password:123456
[2021-12-25T22:27:00.518] [DEBUG] cheese - admin
[2021-12-25T22:27:00.521] [DEBUG] cheese - login => username:jjjjjjjjjj,password:dddddddddd
[2021-12-25T22:27:00.521] [DEBUG] cheese - jjjjjjjjjj
[2021-12-25T22:27:00.523] [DEBUG] cheese - login => username:admin,password:123456
[2021-12-25T22:27:00.523] [DEBUG] cheese - admin
[2021-12-25T22:27:00.526] [DEBUG] cheese - null
[2021-12-25T22:27:00.526] [DEBUG] cheese - null
[2021-12-25T22:27:00.589] [DEBUG] cheese - null
[2021-12-25T22:27:00.589] [DEBUG] cheese - null
[2021-12-25T22:27:00.655] [DEBUG] cheese - null
[2021-12-25T22:27:00.655] [DEBUG] cheese - null
[2021-12-25T22:27:00.656] [DEBUG] cheese - null
[2021-12-25T22:27:00.656] [DEBUG] cheese - null
[2021-12-25T22:29:12.189] [DEBUG] cheese - login => username:admin,password:123456
[2021-12-25T22:29:12.191] [DEBUG] cheese - admin
[2021-12-25T22:29:12.200] [DEBUG] cheese - null
[2021-12-25T22:29:12.200] [DEBUG] cheese - null
[2021-12-25T22:29:50.725] [DEBUG] cheese - login => username:ggjhg,password:ghjgjhgjh
[2021-12-25T22:29:50.725] [DEBUG] cheese - ggjhg
[2021-12-25T22:29:50.727] [DEBUG] cheese - null
[2021-12-25T22:29:50.727] [DEBUG] cheese - null
[2021-12-25T22:36:59.183] [DEBUG] cheese - login => username:admin,password:123456
[2021-12-25T22:36:59.183] [DEBUG] cheese - admin
[2021-12-25T22:37:22.976] [DEBUG] cheese - null
[2021-12-25T22:37:22.976] [DEBUG] cheese - null
[2021-12-25T22:37:23.039] [DEBUG] cheese - login => username:admin,password:123456
[2021-12-25T22:37:23.039] [DEBUG] cheese - admin
[2021-12-25T22:37:23.041] [DEBUG] cheese - login => username:admin,password:123456
[2021-12-25T22:37:23.041] [DEBUG] cheese - admin
[2021-12-25T22:37:23.045] [DEBUG] cheese - null
[2021-12-25T22:37:23.045] [DEBUG] cheese - null
[2021-12-25T22:37:23.111] [DEBUG] cheese - null
[2021-12-25T22:37:23.111] [DEBUG] cheese - null
[2021-12-26T13:45:56.496] [DEBUG] cheese - login => username:admin,password:123456
[2021-12-26T13:45:56.497] [DEBUG] cheese - admin
[2021-12-26T13:45:56.518] [DEBUG] cheese - null
[2021-12-26T13:45:56.519] [DEBUG] cheese - null
[2021-12-26T13:48:14.026] [DEBUG] cheese - login => username:admin,password:123456
[2021-12-26T13:48:14.026] [DEBUG] cheese - admin
[2021-12-26T13:48:14.028] [DEBUG] cheese - null
[2021-12-26T13:48:14.028] [DEBUG] cheese - null
[2021-12-27T21:03:39.628] [DEBUG] cheese - login => username:admin,password:123456
[2021-12-27T21:03:39.630] [DEBUG] cheese - admin
[2021-12-27T21:03:39.640] [DEBUG] cheese - null
[2021-12-27T21:03:39.641] [DEBUG] cheese - null
[2021-12-28T21:28:28.817] [DEBUG] cheese - login => username:admin,password:123456
[2021-12-28T21:28:28.819] [DEBUG] cheese - admin
[2021-12-28T21:28:28.829] [DEBUG] cheese - null
[2021-12-28T21:28:28.829] [DEBUG] cheese - null
[2021-12-29T20:40:46.091] [DEBUG] cheese - login => username:admin,password:123456
[2021-12-29T20:40:46.092] [DEBUG] cheese - admin
[2021-12-29T20:40:46.101] [DEBUG] cheese - null
[2021-12-29T20:40:46.101] [DEBUG] cheese - null
[2022-01-01T10:24:56.260] [DEBUG] cheese - login => username:admin,password:123456
[2022-01-01T10:24:56.261] [DEBUG] cheese - admin
[2022-01-01T10:24:56.270] [DEBUG] cheese - null
[2022-01-01T10:24:56.270] [DEBUG] cheese - null
[2022-01-01T19:39:47.169] [DEBUG] cheese - null
[2022-01-01T19:44:24.064] [DEBUG] cheese - null
[2022-01-01T19:49:20.453] [DEBUG] cheese - null
[2022-01-01T19:49:26.412] [DEBUG] cheese - null
[2022-01-02T10:33:24.990] [DEBUG] cheese - login => username:admin,password:123456
[2022-01-02T10:33:24.991] [DEBUG] cheese - admin
[2022-01-02T10:33:24.998] [DEBUG] cheese - null
[2022-01-02T10:33:24.998] [DEBUG] cheese - null
[2022-01-02T11:55:43.159] [DEBUG] cheese - login => username:admin,password:123456
[2022-01-02T11:55:43.159] [DEBUG] cheese - admin
[2022-01-02T11:55:43.160] [DEBUG] cheese - null
[2022-01-02T11:55:43.161] [DEBUG] cheese - null
[2022-01-03T10:05:23.229] [DEBUG] cheese - login => username:admin,password:123456
[2022-01-03T10:05:23.230] [DEBUG] cheese - admin
[2022-01-03T10:05:23.239] [DEBUG] cheese - null
[2022-01-03T10:05:23.240] [DEBUG] cheese - null
[2022-01-03T10:37:47.998] [DEBUG] cheese - login => username:admin,password:123456
[2022-01-03T10:37:47.998] [DEBUG] cheese - admin
[2022-01-03T10:37:47.999] [DEBUG] cheese - null
[2022-01-03T10:37:48.000] [DEBUG] cheese - null
[2022-01-03T10:40:53.057] [DEBUG] cheese - login => username:admin,password:123456
[2022-01-03T10:40:53.057] [DEBUG] cheese - admin
[2022-01-03T10:40:53.059] [DEBUG] cheese - null
[2022-01-03T10:40:53.059] [DEBUG] cheese - null
[2022-01-03T10:41:26.149] [DEBUG] cheese - login => username:admin,password:123456
[2022-01-03T10:41:26.150] [DEBUG] cheese - admin
[2022-01-03T10:41:26.151] [DEBUG] cheese - null
[2022-01-03T10:41:26.151] [DEBUG] cheese - null
[2022-01-03T10:45:33.437] [DEBUG] cheese - login => username:admin,password:123456
[2022-01-03T10:45:33.437] [DEBUG] cheese - admin
[2022-01-03T10:45:33.438] [DEBUG] cheese - null
[2022-01-03T10:45:33.438] [DEBUG] cheese - null
[2022-01-03T19:37:38.434] [DEBUG] cheese - login => username:admin,password:123456
[2022-01-03T19:37:38.435] [DEBUG] cheese - admin
[2022-01-03T19:37:38.443] [DEBUG] cheese - null
[2022-01-03T19:37:38.443] [DEBUG] cheese - null
[2022-01-03T22:01:20.946] [DEBUG] cheese - login => username:admin,password:123456
[2022-01-03T22:01:20.948] [DEBUG] cheese - admin
[2022-01-03T22:01:20.950] [DEBUG] cheese - null
[2022-01-03T22:01:20.950] [DEBUG] cheese - null
[2022-01-04T21:46:24.471] [DEBUG] cheese - login => username:admin,password:123456
[2022-01-04T21:46:24.472] [DEBUG] cheese - admin
[2022-01-04T21:46:24.481] [DEBUG] cheese - null
[2022-01-04T21:46:24.481] [DEBUG] cheese - null
[2022-01-05T21:56:44.247] [DEBUG] cheese - login => username:admin,password:123456
[2022-01-05T21:56:44.248] [DEBUG] cheese - admin
[2022-01-05T21:56:44.258] [DEBUG] cheese - null
[2022-01-05T21:56:44.258] [DEBUG] cheese - null
[2022-01-06T21:36:58.311] [DEBUG] cheese - login => username:admin,password:123456
[2022-01-06T21:36:58.312] [DEBUG] cheese - admin
[2022-01-06T21:36:58.320] [DEBUG] cheese - null
[2022-01-06T21:36:58.320] [DEBUG] cheese - null
[2022-01-07T20:27:27.350] [DEBUG] cheese - login => username:admin,password:123456
[2022-01-07T20:27:27.351] [DEBUG] cheese - admin
[2022-01-07T20:27:27.360] [DEBUG] cheese - null
[2022-01-07T20:27:27.360] [DEBUG] cheese - null
[2022-01-07T20:29:41.847] [DEBUG] cheese - login => username:admin,password:123456
[2022-01-07T20:29:41.848] [DEBUG] cheese - admin
[2022-01-07T20:29:41.850] [DEBUG] cheese - null
[2022-01-07T20:29:41.851] [DEBUG] cheese - null
[2022-01-07T20:31:30.052] [DEBUG] cheese - login => username:admin,password:123456
[2022-01-07T20:31:30.052] [DEBUG] cheese - admin
[2022-01-07T20:31:30.053] [DEBUG] cheese - null
[2022-01-07T20:31:30.053] [DEBUG] cheese - null
[2022-01-07T20:31:55.190] [DEBUG] cheese - login => username:admin,password:123456
[2022-01-07T20:31:55.190] [DEBUG] cheese - admin
[2022-01-07T20:31:55.191] [DEBUG] cheese - null
[2022-01-07T20:31:55.191] [DEBUG] cheese - null
[2022-01-07T20:33:15.044] [DEBUG] cheese - login => username:admin,password:123456
[2022-01-07T20:33:15.045] [DEBUG] cheese - admin
[2022-01-07T20:33:15.045] [DEBUG] cheese - null
[2022-01-07T20:33:15.046] [DEBUG] cheese - null
[2022-01-07T21:03:37.075] [DEBUG] cheese - login => username:admin,password:123456
[2022-01-07T21:03:37.075] [DEBUG] cheese - admin
[2022-01-07T21:03:37.076] [DEBUG] cheese - null
[2022-01-07T21:03:37.076] [DEBUG] cheese - null
[2022-01-08T18:40:27.122] [DEBUG] cheese - login => username:admin,password:123456
[2022-01-08T18:40:27.123] [DEBUG] cheese - admin
[2022-01-08T18:40:27.137] [DEBUG] cheese - null
[2022-01-08T18:40:27.138] [DEBUG] cheese - null
[2022-01-09T19:04:22.096] [DEBUG] cheese - login => username:admin,password:123456
[2022-01-09T19:04:22.097] [DEBUG] cheese - admin
[2022-01-09T19:04:22.101] [DEBUG] cheese - null
[2022-01-09T19:04:22.102] [DEBUG] cheese - null
[2022-01-09T19:47:55.232] [DEBUG] cheese - login => username:admin,password:123456
[2022-01-09T19:47:55.233] [DEBUG] cheese - admin
[2022-01-09T19:47:55.236] [DEBUG] cheese - null
[2022-01-09T19:47:55.236] [DEBUG] cheese - null
[2022-01-09T23:07:19.732] [DEBUG] cheese - null
[2022-01-09T23:08:09.551] [DEBUG] cheese - null
[2022-01-09T23:12:03.245] [DEBUG] cheese - null
[2022-01-09T23:12:39.453] [DEBUG] cheese - null
[2022-01-10T21:23:04.514] [DEBUG] cheese - login => username:admin,password:123456
[2022-01-10T21:23:04.514] [DEBUG] cheese - admin
[2022-01-10T21:23:04.523] [DEBUG] cheese - null
[2022-01-10T21:23:04.523] [DEBUG] cheese - null
[2022-01-10T21:31:11.271] [DEBUG] cheese - login => username:admin,password:123456
[2022-01-10T21:31:11.271] [DEBUG] cheese - admin
[2022-01-10T21:31:11.273] [DEBUG] cheese - null
[2022-01-10T21:31:11.273] [DEBUG] cheese - null
[2022-01-10T21:33:53.499] [DEBUG] cheese - login => username:admin,password:123456
[2022-01-10T21:33:53.500] [DEBUG] cheese - admin
[2022-01-10T21:33:53.502] [DEBUG] cheese - null
[2022-01-10T21:33:53.503] [DEBUG] cheese - null
[2022-01-10T21:35:33.916] [DEBUG] cheese - login => username:admin,password:123456
[2022-01-10T21:35:33.916] [DEBUG] cheese - admin
[2022-01-10T21:35:33.917] [DEBUG] cheese - null
[2022-01-10T21:35:33.917] [DEBUG] cheese - null
[2022-01-11T20:32:17.247] [DEBUG] cheese - login => username:admin,password:123456
[2022-01-11T20:32:17.248] [DEBUG] cheese - admin
[2022-01-11T20:32:17.257] [DEBUG] cheese - null
[2022-01-11T20:32:17.257] [DEBUG] cheese - null
[2022-01-12T20:12:20.394] [DEBUG] cheese - login => username:admin,password:123456
[2022-01-12T20:12:20.395] [DEBUG] cheese - admin
[2022-01-12T20:12:20.404] [DEBUG] cheese - null
[2022-01-12T20:12:20.404] [DEBUG] cheese - null
[2022-01-12T23:11:17.358] [DEBUG] cheese - login => username:admin,password:123456
[2022-01-12T23:11:17.359] [DEBUG] cheese - admin
[2022-01-12T23:11:17.367] [DEBUG] cheese - null
[2022-01-12T23:11:17.367] [DEBUG] cheese - null
[2022-01-12T23:14:52.310] [DEBUG] cheese - login => username:admin,password:123456
[2022-01-12T23:14:52.311] [DEBUG] cheese - admin
[2022-01-12T23:14:52.321] [DEBUG] cheese - null
[2022-01-12T23:14:52.321] [DEBUG] cheese - null
[2022-01-12T23:18:28.011] [DEBUG] cheese - login => username:admin,password:123456
[2022-01-12T23:18:28.012] [DEBUG] cheese - admin
[2022-01-12T23:18:28.019] [DEBUG] cheese - null
[2022-01-12T23:18:28.019] [DEBUG] cheese - null
[2022-01-12T23:21:53.447] [DEBUG] cheese - login => username:admin,password:123456
[2022-01-12T23:21:53.448] [DEBUG] cheese - admin
[2022-01-12T23:21:53.454] [DEBUG] cheese - null
[2022-01-12T23:21:53.455] [DEBUG] cheese - null
[2022-01-13T20:23:51.951] [DEBUG] cheese - login => username:admin,password:123456
[2022-01-13T20:23:51.952] [DEBUG] cheese - admin
[2022-01-13T20:23:51.961] [DEBUG] cheese - null
[2022-01-13T20:23:51.961] [DEBUG] cheese - null
[2022-01-13T21:42:20.401] [DEBUG] cheese - login => username:admin,password:123456
[2022-01-13T21:42:20.402] [DEBUG] cheese - admin
[2022-01-13T21:42:20.404] [DEBUG] cheese - null
[2022-01-13T21:42:20.404] [DEBUG] cheese - null
[2022-01-13T22:45:37.023] [DEBUG] cheese - login => username:admin,password:123456
[2022-01-13T22:45:37.024] [DEBUG] cheese - admin
[2022-01-13T22:45:37.026] [DEBUG] cheese - null
[2022-01-13T22:45:37.027] [DEBUG] cheese - null
[2022-01-13T22:54:44.859] [DEBUG] cheese - login => username:admin,password:123456
[2022-01-13T22:54:44.859] [DEBUG] cheese - admin
[2022-01-13T22:54:44.860] [DEBUG] cheese - null
[2022-01-13T22:54:44.861] [DEBUG] cheese - null
[2022-01-13T23:09:03.168] [DEBUG] cheese - login => username:admin,password:123456
[2022-01-13T23:09:03.169] [DEBUG] cheese - admin
[2022-01-13T23:09:03.172] [DEBUG] cheese - null
[2022-01-13T23:09:03.172] [DEBUG] cheese - null
[2022-01-15T00:36:03.058] [DEBUG] cheese - login => username:admin,password:123456
[2022-01-15T00:36:03.059] [DEBUG] cheese - admin
[2022-01-15T00:36:03.070] [DEBUG] cheese - null
[2022-01-15T00:36:03.070] [DEBUG] cheese - null
[2022-01-15T00:39:13.185] [DEBUG] cheese - login => username:admin,password:123456
[2022-01-15T00:39:13.185] [DEBUG] cheese - admin
[2022-01-15T00:39:13.187] [DEBUG] cheese - null
[2022-01-15T00:39:13.187] [DEBUG] cheese - null
[2022-01-15T00:43:56.428] [DEBUG] cheese - login => username:admin,password:123456
[2022-01-15T00:43:56.430] [DEBUG] cheese - admin
[2022-01-15T00:43:56.433] [DEBUG] cheese - null
[2022-01-15T00:43:56.434] [DEBUG] cheese - null
[2022-01-15T01:16:14.730] [DEBUG] cheese - login => username:admin,password:123456
[2022-01-15T01:16:14.731] [DEBUG] cheese - admin
[2022-01-15T01:16:14.734] [DEBUG] cheese - null
[2022-01-15T01:16:14.734] [DEBUG] cheese - null
[2022-01-15T01:21:29.449] [DEBUG] cheese - login => username:admin,password:123456
[2022-01-15T01:21:29.449] [DEBUG] cheese - admin
[2022-01-15T01:21:29.451] [DEBUG] cheese - null
[2022-01-15T01:21:29.451] [DEBUG] cheese - null
